/blue/bsc4452/magitz/flights_project
/blue/bsc4452/magitz/flights_project
c0709a-s16.ufhpc
Wed Nov 13 10:22:20 EST 2024
c0709a-s19.ufhpc
Wed Nov 13 10:22:20 EST 2024
Year  Month
2019  1        583985
      2        416014
dtype: int64
Year  Month
2019  1        193194
      2        160626
dtype: int64
            CarrierDelay  WeatherDelay  ...  SecurityDelay  LateAircraftDelay
Year Month                              ...                                  
2019 1         20.106080      4.428551  ...       0.079508          24.950590
     2         20.813905      5.430730  ...       0.067058          26.889989

[2 rows x 5 columns]
Wed Nov 13 10:22:25 EST 2024
Year  Month
2004  1        583987
      2        553876
      3        601412
      4        582970
      5        594457
                ...  
2023  8        602987
      9        569338
      10       598968
      11       563777
      12       570394
Length: 240, dtype: int64
Year  Month
2004  1        257848
      2        241259
      3        237899
      4        225877
      5        247986
                ...  
2023  8        220859
      9        192487
      10       186849
      11       160260
      12       175289
Length: 240, dtype: int64
            CarrierDelay  WeatherDelay  ...  SecurityDelay  LateAircraftDelay
Year Month                              ...                                  
2004 1         13.437607      4.193721  ...       0.119810          14.993637
     2         11.626737      3.180611  ...       0.098632          14.717920
     3         12.385904      2.063818  ...       0.085282          16.221472
     4         12.387951      2.046526  ...       0.102406          14.395876
     5         12.573943      4.372603  ...       0.072088          18.651187
...                  ...           ...  ...            ...                ...
2023 8         26.883820      3.736529  ...       0.165954          30.897593
     9         25.575220      3.598239  ...       0.137652          26.878652
     10        25.280637      2.248395  ...       0.145690          24.791837
     11        25.206112      2.225156  ...       0.177990          22.149292
     12        23.501385      3.940383  ...       0.211748          24.583514

[240 rows x 5 columns]
Wed Nov 13 10:30:26 EST 2024
